Using pre-set license
Desktop is 1366 x 768 @ 60 Hz

 COMMAND LINE ARGUMENTS:
Unity
-adb2
-batchMode
-noUpm
-name
AssetImportWorker0
-projectPath
/home/andres/Documents/Andres documents/unity-projects/AR Unity Portal
-logFile
Logs/AssetImportWorker0.log
-srvPort
45165
Successfully changed project path to: /home/andres/Documents/Andres documents/unity-projects/AR Unity Portal
/home/andres/Documents/Andres documents/unity-projects/AR Unity Portal
Using Asset Import Pipeline V2.
Unable to load player prefs
Refreshing native plugins compatible for Editor in 138,82 ms, found 0 plugins.
Preloading 0 native plugins for Editor in 0,00 ms.
Initialize engine version: 2020.3.12f1 (b3b2c6512326)
[Subsystems] Discovering subsystems at path /home/andres/Unity/Hub/Editor/2020.3.12f1/Editor/Data/Resources/UnitySubsystems
[Subsystems] Discovering subsystems at path /home/andres/Documents/Andres documents/unity-projects/AR Unity Portal/Assets
GLX Extensions: GLX_ARB_create_context GLX_ARB_create_context_no_error GLX_ARB_create_context_profile GLX_ARB_create_context_robustness GLX_ARB_fbconfig_float GLX_ARB_framebuffer_sRGB GLX_ARB_get_proc_address GLX_ARB_multisample GLX_EXT_buffer_age GLX_EXT_create_context_es2_profile GLX_EXT_create_context_es_profile GLX_EXT_fbconfig_packed_float GLX_EXT_framebuffer_sRGB GLX_EXT_import_context GLX_EXT_texture_from_pixmap GLX_EXT_visual_info GLX_EXT_visual_rating GLX_INTEL_swap_event GLX_MESA_copy_sub_buffer GLX_MESA_query_renderer GLX_MESA_swap_control GLX_OML_swap_method GLX_OML_sync_control GLX_SGIS_multisample GLX_SGIX_fbconfig GLX_SGIX_pbuffer GLX_SGIX_visual_select_group GLX_SGI_make_current_read GLX_SGI_swap_control GLX_SGI_video_sync 
Renderer: AMD KABINI (DRM 2.50.0, 5.8.0-59-generic, LLVM 11.0.0)
Vendor:   X.Org
Version:  4.5 (Core Profile) Mesa 20.2.6
GLES:     0
 GL_AMD_conservative_depth GL_AMD_depth_clamp_separate GL_AMD_draw_buffers_blend GL_AMD_gpu_shader_int64 GL_AMD_multi_draw_indirect GL_AMD_performance_monitor GL_AMD_pinned_memory GL_AMD_query_buffer_object GL_AMD_seamless_cubemap_per_texture GL_AMD_shader_stencil_export GL_AMD_shader_trinary_minmax GL_AMD_texture_texture4 GL_AMD_vertex_shader_layer GL_AMD_vertex_shader_viewport_index GL_ANGLE_texture_compression_dxt3 GL_ANGLE_texture_compression_dxt5 GL_ARB_ES2_compatibility GL_ARB_ES3_1_compatibility GL_ARB_ES3_2_compatibility GL_ARB_ES3_compatibility GL_ARB_arrays_of_arrays GL_ARB_base_instance GL_ARB_bindless_texture GL_ARB_blend_func_extended GL_ARB_buffer_storage GL_ARB_clear_buffer_object GL_ARB_clear_texture GL_ARB_clip_control GL_ARB_color_buffer_float GL_ARB_compressed_texture_pixel_storage GL_ARB_compute_shader GL_ARB_compute_variable_group_size GL_ARB_conditional_render_inverted GL_ARB_conservative_depth GL_ARB_copy_buffer GL_ARB_copy_image GL_ARB_cull_distance GL_ARB_debug_output GL_ARB_depth_bu
ffer_float GL_ARB_depth_clamp GL_ARB_derivative_control GL_ARB_direct_state_access GL_ARB_draw_buffers GL_ARB_draw_buffers_blend GL_ARB_draw_elements_base_vertex GL_ARB_draw_indirect GL_ARB_draw_instanced GL_ARB_enhanced_layouts GL_ARB_explicit_attrib_location GL_ARB_explicit_uniform_location GL_ARB_fragment_coord_conventions GL_ARB_fragment_layer_viewport GL_ARB_fragment_shader GL_ARB_framebuffer_no_attachments GL_ARB_framebuffer_object GL_ARB_framebuffer_sRGB GL_ARB_get_program_binary GL_ARB_get_texture_sub_image GL_ARB_gl_spirv GL_ARB_gpu_shader5 GL_ARB_gpu_shader_fp64 GL_ARB_gpu_shader_int64 GL_ARB_half_float_pixel GL_ARB_half_float_vertex GL_ARB_instanced_arrays GL_ARB_internalformat_query GL_ARB_internalformat_query2 GL_ARB_invalidate_subdata GL_ARB_map_buffer_alignment GL_ARB_map_buffer_range GL_ARB_multi_bind GL_ARB_multi_draw_indirect GL_ARB_occlusion_query2 GL_ARB_parallel_shader_compile GL_ARB_pipeline_statistics_query GL_ARB_pixel_buffer_object GL_ARB_point_sprite GL_ARB_polygon_offset_clamp GL_A
RB_program_interface_query GL_ARB_provoking_vertex GL_ARB_query_buffer_object GL_ARB_robust_buffer_access_behavior GL_ARB_robustness GL_ARB_sample_shading GL_ARB_sampler_objects GL_ARB_seamless_cube_map GL_ARB_seamless_cubemap_per_texture GL_ARB_separate_shader_objects GL_ARB_shader_atomic_counter_ops GL_ARB_shader_atomic_counters GL_ARB_shader_ballot GL_ARB_shader_bit_encoding GL_ARB_shader_clock GL_ARB_shader_group_vote GL_ARB_shader_image_load_store GL_ARB_shader_image_size GL_ARB_shader_objects GL_ARB_shader_precision GL_ARB_shader_stencil_export GL_ARB_shader_storage_buffer_object GL_ARB_shader_subroutine GL_ARB_shader_texture_image_samples GL_ARB_shader_texture_lod GL_ARB_shader_viewport_layer_array GL_ARB_shading_language_420pack GL_ARB_shading_language_include GL_ARB_shading_language_packing GL_ARB_spirv_extensions GL_ARB_stencil_texturing GL_ARB_sync GL_ARB_tessellation_shader GL_ARB_texture_barrier GL_ARB_texture_buffer_object GL_ARB_texture_buffer_object_rgb32 GL_ARB_texture_buffer_range GL_ARB_te
xture_compression_bptc GL_ARB_texture_compression_rgtc GL_ARB_texture_cube_map_array GL_ARB_texture_filter_anisotropic GL_ARB_texture_float GL_ARB_texture_gather GL_ARB_texture_mirror_clamp_to_edge GL_ARB_texture_multisample GL_ARB_texture_non_power_of_two GL_ARB_texture_query_levels GL_ARB_texture_query_lod GL_ARB_texture_rectangle GL_ARB_texture_rg GL_ARB_texture_rgb10_a2ui GL_ARB_texture_stencil8 GL_ARB_texture_storage GL_ARB_texture_storage_multisample GL_ARB_texture_swizzle GL_ARB_texture_view GL_ARB_timer_query GL_ARB_transform_feedback2 GL_ARB_transform_feedback3 GL_ARB_transform_feedback_instanced GL_ARB_transform_feedback_overflow_query GL_ARB_uniform_buffer_object GL_ARB_vertex_array_bgra GL_ARB_vertex_array_object GL_ARB_vertex_attrib_64bit GL_ARB_vertex_attrib_binding GL_ARB_vertex_buffer_object GL_ARB_vertex_shader GL_ARB_vertex_type_10f_11f_11f_rev GL_ARB_vertex_type_2_10_10_10_rev GL_ARB_viewport_array GL_ATI_blend_equation_separate GL_ATI_meminfo GL_ATI_texture_float GL_ATI_texture_mirror_onc
e GL_EXT_EGL_image_storage GL_EXT_EGL_sync GL_EXT_abgr GL_EXT_blend_equation_separate GL_EXT_depth_bounds_test GL_EXT_draw_buffers2 GL_EXT_draw_instanced GL_EXT_framebuffer_blit GL_EXT_framebuffer_multisample GL_EXT_framebuffer_multisample_blit_scaled GL_EXT_framebuffer_object GL_EXT_framebuffer_sRGB GL_EXT_memory_object GL_EXT_memory_object_fd GL_EXT_packed_depth_stencil GL_EXT_packed_float GL_EXT_pixel_buffer_object GL_EXT_polygon_offset_clamp GL_EXT_provoking_vertex GL_EXT_shader_image_load_formatted GL_EXT_shader_image_load_store GL_EXT_shader_integer_mix GL_EXT_shader_samples_identical GL_EXT_texture_array GL_EXT_texture_compression_dxt1 GL_EXT_texture_compression_rgtc GL_EXT_texture_compression_s3tc GL_EXT_texture_filter_anisotropic GL_EXT_texture_integer GL_EXT_texture_mirror_clamp GL_EXT_texture_sRGB GL_EXT_texture_sRGB_R8 GL_EXT_texture_sRGB_decode GL_EXT_texture_shadow_lod GL_EXT_texture_shared_exponent GL_EXT_texture_snorm GL_EXT_texture_swizzle GL_EXT_timer_query GL_EXT_transform_feedback GL_EXT_
vertex_array_bgra GL_EXT_vertex_attrib_64bit GL_EXT_window_rectangles GL_IBM_multimode_draw_arrays GL_KHR_blend_equation_advanced GL_KHR_context_flush_control GL_KHR_debug GL_KHR_no_error GL_KHR_parallel_shader_compile GL_KHR_robust_buffer_access_behavior GL_KHR_robustness GL_KHR_texture_compression_astc_ldr GL_KHR_texture_compression_astc_sliced_3d GL_MESA_framebuffer_flip_y GL_MESA_pack_invert GL_MESA_shader_integer_functions GL_MESA_texture_signed_rgba GL_NVX_gpu_memory_info GL_NV_alpha_to_coverage_dither_control GL_NV_conditional_render GL_NV_copy_image GL_NV_depth_clamp GL_NV_packed_depth_stencil GL_NV_texture_barrier GL_NV_vdpau_interop GL_OES_EGL_image GL_S3_s3tc
OPENGL LOG: Creating OpenGL 4.5 graphics device ; Context level  <OpenGL 4.5> ; Context handle -302321488
Shader Custom/Mask uses undefined Queue: 'Geometry - 1'

Shader Custom/Mask uses undefined Queue: 'Geometry - 1'

Initialize mono
Mono path[0] = '/home/andres/Unity/Hub/Editor/2020.3.12f1/Editor/Data/Managed'
Mono path[1] = '/home/andres/Unity/Hub/Editor/2020.3.12f1/Editor/Data/MonoBleedingEdge/lib/mono/unityjit'
Mono config path = '/home/andres/Unity/Hub/Editor/2020.3.12f1/Editor/Data/MonoBleedingEdge/etc'
Using monoOptions --debugger-agent=transport=dt_socket,embedding=1,server=y,suspend=n,address=127.0.0.1:56097
Begin MonoManager ReloadAssembly
Registering precompiled unity dll's ...
Register platform support module: /home/andres/Unity/Hub/Editor/2020.3.12f1/Editor/Data/PlaybackEngines/WebGLSupport/UnityEditor.WebGL.Extensions.dll
Register platform support module: /home/andres/Unity/Hub/Editor/2020.3.12f1/Editor/Data/PlaybackEngines/LinuxStandaloneSupport/UnityEditor.LinuxStandalone.Extensions.dll
Registered in 0,006581 seconds.
Native extension for LinuxStandalone target not found
Native extension for WebGL target not found
Refreshing native plugins compatible for Editor in 155,78 ms, found 0 plugins.
Preloading 0 native plugins for Editor in 0,00 ms.
Mono: successfully reloaded assembly
- Completed reload, in  6,004 seconds
Platform modules already initialized, skipping
Registering precompiled user dll's ...
Registered in 0,011064 seconds.
Begin MonoManager ReloadAssembly
Native extension for LinuxStandalone target not found
Native extension for WebGL target not found
Refreshing native plugins compatible for Editor in 1,53 ms, found 0 plugins.
Preloading 0 native plugins for Editor in 0,00 ms.
Mono: successfully reloaded assembly
- Completed reload, in  4,792 seconds
Platform modules already initialized, skipping
========================================================================
Worker process is ready to serve import requests
Shader Custom/Mask uses undefined Queue: 'Geometry - 1'

Shader Custom/Mask uses undefined Queue: 'Geometry - 1'

Launched and connected shader compiler UnityShaderCompiler after 0.03 seconds
Refreshing native plugins compatible for Editor in 1,20 ms, found 0 plugins.
Preloading 0 native plugins for Editor in 0,00 ms.
Unloading 1753 Unused Serialized files (Serialized files now loaded: 0)
System memory in use before: 75,5 MB.
System memory in use after: 75,1 MB.

Unloading 76 unused Assets to reduce memory usage. Loaded Objects now: 2182.
Total: 11,345396 ms (FindLiveObjects: 0,748102 ms CreateObjectMapping: 0,186431 ms MarkObjects: 9,485173 ms  DeleteObjects: 0,921152 ms)

AssetImportParameters requested are different than current active one (requested -> active):
  custom:video-decoder-ogg-theora: a1e56fd34408186e4bbccfd4996cb3dc -> 
  custom:container-muxer-webm: aa71ff27fc2769a1b78a27578f13a17b -> 
  custom:container-demuxer-webm: 4f35f7cbe854078d1ac9338744f61a02 -> 
  custom:container-demuxer-ogg: 62fdf1f143b41e24485cea50d1cbac27 -> 
  custom:video-encoder-webm-vp8: eb34c28f22e8b96e1ab97ce403110664 -> 
  custom:video-decoder-webm-vp8: 9c59270c3fd7afecdb556c50c9e8de78 -> 
  custom:audio-decoder-ogg-vorbis: bf7c407c2cedff20999df2af8eb42d56 -> 
  custom:audio-encoder-webm-vorbis: bf7c407c2cedff20999df2af8eb42d56 -> 
========================================================================
Received Import Request.
  path: Assets/Materials
  artifactKey: Guid(3194f27d1ca5629b6a40a53c806bd71f) Importer(815301076,1909f56bfc062723c751e8b465ee728b)
Start importing Assets/Materials using Guid(3194f27d1ca5629b6a40a53c806bd71f) Importer(815301076,1909f56bfc062723c751e8b465ee728b)  -> (artifact id: '4bdb398329b2961a6580a4804751aa02') in 0,013437 seconds 
  Import took 0,023866 seconds .

========================================================================
Received Import Request.
  Time since last request: 73,932317 seconds.
  path: Assets/Materials/Material1.mat
  artifactKey: Guid(daf86ebd9d507dceba25d25244b562c9) Importer(815301076,1909f56bfc062723c751e8b465ee728b)
Start importing Assets/Materials/Material1.mat using Guid(daf86ebd9d507dceba25d25244b562c9) Importer(815301076,1909f56bfc062723c751e8b465ee728b)  -> (artifact id: '9cab820720feb6c961e5b509e2926a9a') in 0,279716 seconds 
  Import took 0,289284 seconds .

========================================================================
Received Import Request.
  Time since last request: 5,909526 seconds.
  path: Assets/Materials/Material1 1.mat
  artifactKey: Guid(fda5cff7290e5ff71ab4e42efc03133b) Importer(815301076,1909f56bfc062723c751e8b465ee728b)
Start importing Assets/Materials/Material1 1.mat using Guid(fda5cff7290e5ff71ab4e42efc03133b) Importer(815301076,1909f56bfc062723c751e8b465ee728b)  -> (artifact id: 'a4bf09a4682ee9181bc059b0553ce8f3') in 0,038342 seconds 
  Import took 0,049936 seconds .

========================================================================
Received Import Request.
  Time since last request: 0,000611 seconds.
  path: Assets/Materials/Material1 7.mat
  artifactKey: Guid(37e4c01e6d694b02d91e988854df2df1) Importer(815301076,1909f56bfc062723c751e8b465ee728b)
Start importing Assets/Materials/Material1 7.mat using Guid(37e4c01e6d694b02d91e988854df2df1) Importer(815301076,1909f56bfc062723c751e8b465ee728b)  -> (artifact id: '984c512366c05782162bd5833142fa43') in 0,024455 seconds 
  Import took 0,035863 seconds .

========================================================================
Received Import Request.
  Time since last request: 0,000453 seconds.
  path: Assets/Materials/Material1 8.mat
  artifactKey: Guid(d12f52706cd78f21fb840990ff71c78f) Importer(815301076,1909f56bfc062723c751e8b465ee728b)
Start importing Assets/Materials/Material1 8.mat using Guid(d12f52706cd78f21fb840990ff71c78f) Importer(815301076,1909f56bfc062723c751e8b465ee728b)  -> (artifact id: '732a9ea8601f6353b88f70b3c706d1f1') in 0,046170 seconds 
  Import took 0,057835 seconds .

========================================================================
Received Import Request.
  Time since last request: 0,000067 seconds.
  path: Assets/Materials/Material1 4.mat
  artifactKey: Guid(5aaf8eaef315da7aca77351181089b04) Importer(815301076,1909f56bfc062723c751e8b465ee728b)
Start importing Assets/Materials/Material1 4.mat using Guid(5aaf8eaef315da7aca77351181089b04) Importer(815301076,1909f56bfc062723c751e8b465ee728b)  -> (artifact id: 'a66da6098c83e863f71aa4c085075522') in 0,031740 seconds 
  Import took 0,047242 seconds .

========================================================================
Received Import Request.
  Time since last request: 0,002580 seconds.
  path: Assets/Materials/Material1 2.mat
  artifactKey: Guid(008a62cf9c200fe56af206da5f9f6bf7) Importer(815301076,1909f56bfc062723c751e8b465ee728b)
Start importing Assets/Materials/Material1 2.mat using Guid(008a62cf9c200fe56af206da5f9f6bf7) Importer(815301076,1909f56bfc062723c751e8b465ee728b)  -> (artifact id: '6f88f474568a2e66f5ac48c4095c8050') in 0,029401 seconds 
  Import took 0,040261 seconds .

========================================================================
Received Import Request.
  Time since last request: 0,000714 seconds.
  path: Assets/Materials/Material1 6.mat
  artifactKey: Guid(62b6704c0874ffcea920d84069da1473) Importer(815301076,1909f56bfc062723c751e8b465ee728b)
Start importing Assets/Materials/Material1 6.mat using Guid(62b6704c0874ffcea920d84069da1473) Importer(815301076,1909f56bfc062723c751e8b465ee728b)  -> (artifact id: '1d4e017b644ff774279219bf5a8df303') in 0,045880 seconds 
  Import took 0,056203 seconds .

========================================================================
Received Import Request.
  Time since last request: 0,002464 seconds.
  path: Assets/Materials/Material1 5.mat
  artifactKey: Guid(fceee92bea90c1cc9ad0381044157921) Importer(815301076,1909f56bfc062723c751e8b465ee728b)
Start importing Assets/Materials/Material1 5.mat using Guid(fceee92bea90c1cc9ad0381044157921) Importer(815301076,1909f56bfc062723c751e8b465ee728b)  -> (artifact id: '9cdef231d653b94b3501e02aa8d5ab9d') in 0,024504 seconds 
  Import took 0,036318 seconds .

========================================================================
Received Import Request.
  Time since last request: 0,000641 seconds.
  path: Assets/Materials/Material1 3.mat
  artifactKey: Guid(b273976d500e1ee5cb2141346c3aa691) Importer(815301076,1909f56bfc062723c751e8b465ee728b)
Start importing Assets/Materials/Material1 3.mat using Guid(b273976d500e1ee5cb2141346c3aa691) Importer(815301076,1909f56bfc062723c751e8b465ee728b)  -> (artifact id: '135a5a57bd92d3c5890ba9c3bcc776cd') in 0,023871 seconds 
  Import took 0,035141 seconds .

========================================================================
Received Import Request.
  Time since last request: 29,760131 seconds.
  path: Assets/Images/brickwall.jpg
  artifactKey: Guid(26e5e9ef6a53198a6b5c5291aeb3cce2) Importer(815301076,1909f56bfc062723c751e8b465ee728b)
Start importing Assets/Images/brickwall.jpg using Guid(26e5e9ef6a53198a6b5c5291aeb3cce2) Importer(815301076,1909f56bfc062723c751e8b465ee728b)  -> (artifact id: '77b6c690c02f9229fd71330c7f8011a1') in 0,043084 seconds 
  Import took 0,054025 seconds .

========================================================================
Received Import Request.
  Time since last request: 0,001454 seconds.
  path: Assets/Images/green wall.jpg
  artifactKey: Guid(48f728ae3c1e933318538cbd3c3542ca) Importer(815301076,1909f56bfc062723c751e8b465ee728b)
Start importing Assets/Images/green wall.jpg using Guid(48f728ae3c1e933318538cbd3c3542ca) Importer(815301076,1909f56bfc062723c751e8b465ee728b)  -> (artifact id: '5ef7c258c77be1dd2e66646da7275282') in 0,013857 seconds 
  Import took 0,026742 seconds .

========================================================================
Received Import Request.
  Time since last request: 0,000933 seconds.
  path: Assets/Images/painting2.jpg
  artifactKey: Guid(6d71373f99a4fef1094518b99c6fd463) Importer(815301076,1909f56bfc062723c751e8b465ee728b)
Start importing Assets/Images/painting2.jpg using Guid(6d71373f99a4fef1094518b99c6fd463) Importer(815301076,1909f56bfc062723c751e8b465ee728b)  -> (artifact id: 'ce5cd4881172d42f4dc38856a0a62d05') in 0,014474 seconds 
  Import took 0,026324 seconds .

========================================================================
Received Import Request.
  Time since last request: 0,000077 seconds.
  path: Assets/Images/door texture.jpeg
  artifactKey: Guid(c4888d136f15de3beabb6cdddde0def1) Importer(815301076,1909f56bfc062723c751e8b465ee728b)
Start importing Assets/Images/door texture.jpeg using Guid(c4888d136f15de3beabb6cdddde0def1) Importer(815301076,1909f56bfc062723c751e8b465ee728b)  -> (artifact id: '29210df082753ee4bb676045ec5cb734') in 0,014082 seconds 
  Import took 0,026198 seconds .

========================================================================
Received Import Request.
  Time since last request: 0,000084 seconds.
  path: Assets/Images/painting3.jpg
  artifactKey: Guid(17a9bed57d8a538359a5589a25a0720f) Importer(815301076,1909f56bfc062723c751e8b465ee728b)
Start importing Assets/Images/painting3.jpg using Guid(17a9bed57d8a538359a5589a25a0720f) Importer(815301076,1909f56bfc062723c751e8b465ee728b)  -> (artifact id: 'b2f0f067d394161a4f8fb6bf658395ac') in 0,024011 seconds 
  Import took 0,038985 seconds .

========================================================================
Received Import Request.
  Time since last request: 0,000713 seconds.
  path: Assets/Images/ceiling.jpg
  artifactKey: Guid(f1d1da229e020b30c995b843cc727db7) Importer(815301076,1909f56bfc062723c751e8b465ee728b)
Start importing Assets/Images/ceiling.jpg using Guid(f1d1da229e020b30c995b843cc727db7) Importer(815301076,1909f56bfc062723c751e8b465ee728b)  -> (artifact id: 'e6fe29c275856ed9ae2bcb2a6b5528c0') in 0,013956 seconds 
  Import took 0,024677 seconds .

========================================================================
Received Import Request.
  Time since last request: 0,000550 seconds.
  path: Assets/Images/painting1.jpg
  artifactKey: Guid(c9763a55213a869a38fe693397812adb) Importer(815301076,1909f56bfc062723c751e8b465ee728b)
Start importing Assets/Images/painting1.jpg using Guid(c9763a55213a869a38fe693397812adb) Importer(815301076,1909f56bfc062723c751e8b465ee728b)  -> (artifact id: '0c0dfcb0262c8c188a1b8de71b8f5abc') in 0,018981 seconds 
  Import took 0,031393 seconds .

========================================================================
Received Import Request.
  Time since last request: 0,000651 seconds.
  path: Assets/Images/wooden flooring.jpg
  artifactKey: Guid(53e3e11f1d348f469a8ee27e48b139f2) Importer(815301076,1909f56bfc062723c751e8b465ee728b)
Start importing Assets/Images/wooden flooring.jpg using Guid(53e3e11f1d348f469a8ee27e48b139f2) Importer(815301076,1909f56bfc062723c751e8b465ee728b)  -> (artifact id: 'd0694a2c4b46660cf3d6160cac20ffa4') in 0,018998 seconds 
  Import took 0,032128 seconds .

========================================================================
Received Import Request.
  Time since last request: 0,000056 seconds.
  path: Assets/Images/brickwall.jpg
  artifactKey: Guid(26e5e9ef6a53198a6b5c5291aeb3cce2) Importer(815301076,1909f56bfc062723c751e8b465ee728b)
Start importing Assets/Images/brickwall.jpg using Guid(26e5e9ef6a53198a6b5c5291aeb3cce2) Importer(815301076,1909f56bfc062723c751e8b465ee728b)  -> (artifact id: '77b6c690c02f9229fd71330c7f8011a1') in 0,016861 seconds 
  Import took 0,028707 seconds .

========================================================================
Received Import Request.
  Time since last request: 60,794051 seconds.
  path: Assets/Materials/Material 9.mat
  artifactKey: Guid(3b2a102764f28cf18825a3bb70de8e16) Importer(815301076,1909f56bfc062723c751e8b465ee728b)
Start importing Assets/Materials/Material 9.mat using Guid(3b2a102764f28cf18825a3bb70de8e16) Importer(815301076,1909f56bfc062723c751e8b465ee728b)  -> (artifact id: 'aed917a36e346f7f262a82eeefd39272') in 0,020441 seconds 
  Import took 0,029439 seconds .

========================================================================
Received Import Request.
  Time since last request: 18,836583 seconds.
  path: Assets/Materials/Mask.mat
  artifactKey: Guid(3b2a102764f28cf18825a3bb70de8e16) Importer(815301076,1909f56bfc062723c751e8b465ee728b)
Start importing Assets/Materials/Mask.mat using Guid(3b2a102764f28cf18825a3bb70de8e16) Importer(815301076,1909f56bfc062723c751e8b465ee728b)  -> (artifact id: 'a17fb840397bf67fc31754b583266186') in 0,023444 seconds 
  Import took 0,034542 seconds .

========================================================================
Received Import Request.
  Time since last request: 17,177850 seconds.
  path: Assets/Materials/BrickwallMat.mat
  artifactKey: Guid(fda5cff7290e5ff71ab4e42efc03133b) Importer(815301076,1909f56bfc062723c751e8b465ee728b)
Start importing Assets/Materials/BrickwallMat.mat using Guid(fda5cff7290e5ff71ab4e42efc03133b) Importer(815301076,1909f56bfc062723c751e8b465ee728b)  -> (artifact id: '685aa21ebe18cc0c9322baa144032d4b') in 0,028163 seconds 
  Import took 0,037467 seconds .

========================================================================
Received Import Request.
  Time since last request: 12,753030 seconds.
  path: Assets/Materials/CellingMat.mat
  artifactKey: Guid(008a62cf9c200fe56af206da5f9f6bf7) Importer(815301076,1909f56bfc062723c751e8b465ee728b)
Start importing Assets/Materials/CellingMat.mat using Guid(008a62cf9c200fe56af206da5f9f6bf7) Importer(815301076,1909f56bfc062723c751e8b465ee728b)  -> (artifact id: 'bcd7c21a7f08258f0db10038b55e9c99') in 0,021560 seconds 
  Import took 0,030916 seconds .

========================================================================
Received Import Request.
  Time since last request: 16,367909 seconds.
  path: Assets/Materials/DoorMat.mat
  artifactKey: Guid(b273976d500e1ee5cb2141346c3aa691) Importer(815301076,1909f56bfc062723c751e8b465ee728b)
Start importing Assets/Materials/DoorMat.mat using Guid(b273976d500e1ee5cb2141346c3aa691) Importer(815301076,1909f56bfc062723c751e8b465ee728b)  -> (artifact id: 'bea155953841f83ae4cda7628a8b66d1') in 0,021046 seconds 
  Import took 0,030252 seconds .

========================================================================
Received Import Request.
  Time since last request: 13,908466 seconds.
  path: Assets/Materials/GreenMat.mat
  artifactKey: Guid(5aaf8eaef315da7aca77351181089b04) Importer(815301076,1909f56bfc062723c751e8b465ee728b)
Start importing Assets/Materials/GreenMat.mat using Guid(5aaf8eaef315da7aca77351181089b04) Importer(815301076,1909f56bfc062723c751e8b465ee728b)  -> (artifact id: 'd10bbdca1aa4d8c99e5840bca88e5cd6') in 0,020414 seconds 
  Import took 0,029834 seconds .

========================================================================
Received Import Request.
  Time since last request: 6,764174 seconds.
  path: Assets/Materials/Pic1Mat.mat
  artifactKey: Guid(fceee92bea90c1cc9ad0381044157921) Importer(815301076,1909f56bfc062723c751e8b465ee728b)
Start importing Assets/Materials/Pic1Mat.mat using Guid(fceee92bea90c1cc9ad0381044157921) Importer(815301076,1909f56bfc062723c751e8b465ee728b)  -> (artifact id: 'acc81aa36d5c40b853ac6181b722c8b9') in 0,024267 seconds 
  Import took 0,035958 seconds .

========================================================================
Received Import Request.
  Time since last request: 6,563965 seconds.
  path: Assets/Materials/Pic2Mat.mat
  artifactKey: Guid(62b6704c0874ffcea920d84069da1473) Importer(815301076,1909f56bfc062723c751e8b465ee728b)
Start importing Assets/Materials/Pic2Mat.mat using Guid(62b6704c0874ffcea920d84069da1473) Importer(815301076,1909f56bfc062723c751e8b465ee728b)  -> (artifact id: '1ce534d2654476a9325273b5015cbf2a') in 0,050119 seconds 
  Import took 0,068694 seconds .

========================================================================
Received Import Request.
  Time since last request: 6,293109 seconds.
  path: Assets/Materials/Pic3Mat.mat
  artifactKey: Guid(37e4c01e6d694b02d91e988854df2df1) Importer(815301076,1909f56bfc062723c751e8b465ee728b)
Start importing Assets/Materials/Pic3Mat.mat using Guid(37e4c01e6d694b02d91e988854df2df1) Importer(815301076,1909f56bfc062723c751e8b465ee728b)  -> (artifact id: '9930c5bef8685b5bd94b1a859cc728e5') in 0,026162 seconds 
  Import took 0,039600 seconds .

========================================================================
Received Import Request.
  Time since last request: 14,832473 seconds.
  path: Assets/Materials/FloorMat.mat
  artifactKey: Guid(d12f52706cd78f21fb840990ff71c78f) Importer(815301076,1909f56bfc062723c751e8b465ee728b)
Start importing Assets/Materials/FloorMat.mat using Guid(d12f52706cd78f21fb840990ff71c78f) Importer(815301076,1909f56bfc062723c751e8b465ee728b)  -> (artifact id: '8b6bba28bac2226ad21118fdd8c43cf4') in 0,022465 seconds 
  Import took 0,032338 seconds .

========================================================================
Received Import Request.
  Time since last request: 89,439022 seconds.
  path: Assets/Materials/Mask.mat
  artifactKey: Guid(3b2a102764f28cf18825a3bb70de8e16) Importer(815301076,1909f56bfc062723c751e8b465ee728b)
Start importing Assets/Materials/Mask.mat using Guid(3b2a102764f28cf18825a3bb70de8e16) Importer(815301076,1909f56bfc062723c751e8b465ee728b)  -> (artifact id: 'b8ff960ce8dcde3b3184f1de284f5489') in 0,018599 seconds 
  Import took 0,028623 seconds .

========================================================================
Received Prepare
Registering precompiled user dll's ...
Registered in 0,009661 seconds.
Begin MonoManager ReloadAssembly
Native extension for LinuxStandalone target not found
Native extension for WebGL target not found
Refreshing native plugins compatible for Editor in 1,75 ms, found 0 plugins.
Preloading 0 native plugins for Editor in 0,00 ms.
Warning: Annotation not found!
UnityEngine.StackTraceUtility:ExtractStackTrace () (at /home/bokken/buildslave/unity/build/Runtime/Export/Scripting/StackTrace.cs:37)
UnityEditor.ProBuilder.EditorUtility:SetGizmoIconEnabled (System.Type,bool) (at Library/PackageCache/com.unity.probuilder@4.5.0/Editor/EditorCore/EditorUtility.cs:593)
UnityEditor.ProBuilder.HierarchyListener:.cctor () (at Library/PackageCache/com.unity.probuilder@4.5.0/Editor/EditorCore/HierarchyListener.cs:21)
System.Runtime.CompilerServices.RuntimeHelpers:RunClassConstructor (System.RuntimeTypeHandle)
UnityEditor.EditorAssemblies:ProcessInitializeOnLoadAttributes (System.Type[]) (at /home/bokken/buildslave/unity/build/Editor/Mono/EditorAssemblies.cs:114)

[/home/bokken/buildslave/unity/build/Runtime/Export/Scripting/StackTrace.cs line 37]

Mono: successfully reloaded assembly
- Completed reload, in  4,725 seconds
Platform modules already initialized, skipping
Shader Custom/Mask uses undefined Queue: 'Geometry - 1'

Shader Custom/Mask uses undefined Queue: 'Geometry - 1'

Refreshing native plugins compatible for Editor in 1,70 ms, found 0 plugins.
Preloading 0 native plugins for Editor in 0,00 ms.
Unloading 2063 Unused Serialized files (Serialized files now loaded: 0)
System memory in use before: 84,5 MB.
System memory in use after: 84,5 MB.

Unloading 15 unused Assets to reduce memory usage. Loaded Objects now: 2573.
Total: 14,217829 ms (FindLiveObjects: 1,429537 ms CreateObjectMapping: 0,584337 ms MarkObjects: 11,829669 ms  DeleteObjects: 0,368152 ms)

AssetImportParameters requested are different than current active one (requested -> active):
  custom:video-decoder-ogg-theora: a1e56fd34408186e4bbccfd4996cb3dc -> 
  custom:container-muxer-webm: aa71ff27fc2769a1b78a27578f13a17b -> 
  custom:container-demuxer-webm: 4f35f7cbe854078d1ac9338744f61a02 -> 
  custom:container-demuxer-ogg: 62fdf1f143b41e24485cea50d1cbac27 -> 
  custom:video-encoder-webm-vp8: eb34c28f22e8b96e1ab97ce403110664 -> 
  custom:video-decoder-webm-vp8: 9c59270c3fd7afecdb556c50c9e8de78 -> 
  custom:audio-decoder-ogg-vorbis: bf7c407c2cedff20999df2af8eb42d56 -> 
  custom:audio-encoder-webm-vorbis: bf7c407c2cedff20999df2af8eb42d56 -> 
========================================================================
Received Prepare
Registering precompiled user dll's ...
Registered in 0,010446 seconds.
Begin MonoManager ReloadAssembly
Native extension for LinuxStandalone target not found
Native extension for WebGL target not found
Refreshing native plugins compatible for Editor in 1,84 ms, found 0 plugins.
Preloading 0 native plugins for Editor in 0,00 ms.
Warning: Annotation not found!
UnityEngine.StackTraceUtility:ExtractStackTrace () (at /home/bokken/buildslave/unity/build/Runtime/Export/Scripting/StackTrace.cs:37)
UnityEditor.ProBuilder.EditorUtility:SetGizmoIconEnabled (System.Type,bool) (at Library/PackageCache/com.unity.probuilder@4.5.0/Editor/EditorCore/EditorUtility.cs:593)
UnityEditor.ProBuilder.HierarchyListener:.cctor () (at Library/PackageCache/com.unity.probuilder@4.5.0/Editor/EditorCore/HierarchyListener.cs:21)
System.Runtime.CompilerServices.RuntimeHelpers:RunClassConstructor (System.RuntimeTypeHandle)
UnityEditor.EditorAssemblies:ProcessInitializeOnLoadAttributes (System.Type[]) (at /home/bokken/buildslave/unity/build/Editor/Mono/EditorAssemblies.cs:114)

[/home/bokken/buildslave/unity/build/Runtime/Export/Scripting/StackTrace.cs line 37]

Mono: successfully reloaded assembly
- Completed reload, in  5,012 seconds
Platform modules already initialized, skipping
Switching build target platform(24) subTarget(0) extendedPlatform(0) -> platform(13) subTarget(537395200) extendedPlatform(0)
Shader Custom/Mask uses undefined Queue: 'Geometry - 1'

Shader Custom/Mask uses undefined Queue: 'Geometry - 1'

Refreshing native plugins compatible for Editor in 2,47 ms, found 0 plugins.
Preloading 0 native plugins for Editor in 0,00 ms.
Unloading 2063 Unused Serialized files (Serialized files now loaded: 0)
System memory in use before: 84,1 MB.
System memory in use after: 84,1 MB.

Unloading 16 unused Assets to reduce memory usage. Loaded Objects now: 2577.
Total: 20,942439 ms (FindLiveObjects: 1,160175 ms CreateObjectMapping: 0,453389 ms MarkObjects: 18,940173 ms  DeleteObjects: 0,382240 ms)

AssetImportParameters requested are different than current active one (requested -> active):
  custom:video-decoder-ogg-theora: a1e56fd34408186e4bbccfd4996cb3dc -> 
  custom:container-muxer-webm: aa71ff27fc2769a1b78a27578f13a17b -> 
  custom:container-demuxer-webm: 4f35f7cbe854078d1ac9338744f61a02 -> 
  custom:container-demuxer-ogg: 62fdf1f143b41e24485cea50d1cbac27 -> 
  custom:video-encoder-webm-vp8: eb34c28f22e8b96e1ab97ce403110664 -> 
  custom:video-decoder-webm-vp8: 9c59270c3fd7afecdb556c50c9e8de78 -> 
  custom:graphics/normal-map-encoding: 01000000000000000000000000000000 -> 02000000000000000000000000000000
  custom:audio-decoder-ogg-vorbis: bf7c407c2cedff20999df2af8eb42d56 -> 
  custom:audio-encoder-webm-vorbis: bf7c407c2cedff20999df2af8eb42d56 -> 
========================================================================
Received Prepare
Shader Custom/Mask uses undefined Queue: 'Geometry - 1'

Shader Custom/Mask uses undefined Queue: 'Geometry - 1'

Refreshing native plugins compatible for Editor in 11,37 ms, found 0 plugins.
Preloading 0 native plugins for Editor in 0,00 ms.
Unloading 13 Unused Serialized files (Serialized files now loaded: 0)
System memory in use before: 43,1 MB.
System memory in use after: 43,2 MB.

Unloading 13 unused Assets to reduce memory usage. Loaded Objects now: 2577.
Total: 12,767421 ms (FindLiveObjects: 1,021933 ms CreateObjectMapping: 0,343154 ms MarkObjects: 11,044464 ms  DeleteObjects: 0,353110 ms)

AssetImportParameters requested are different than current active one (requested -> active):
  custom:video-decoder-ogg-theora: a1e56fd34408186e4bbccfd4996cb3dc -> 
  custom:container-muxer-webm: aa71ff27fc2769a1b78a27578f13a17b -> 
  custom:container-demuxer-webm: 4f35f7cbe854078d1ac9338744f61a02 -> 
  custom:container-demuxer-ogg: 62fdf1f143b41e24485cea50d1cbac27 -> 
  custom:video-encoder-webm-vp8: eb34c28f22e8b96e1ab97ce403110664 -> 
  custom:video-decoder-webm-vp8: 9c59270c3fd7afecdb556c50c9e8de78 -> 
  custom:audio-decoder-ogg-vorbis: bf7c407c2cedff20999df2af8eb42d56 -> 
  custom:audio-encoder-webm-vorbis: bf7c407c2cedff20999df2af8eb42d56 -> 
========================================================================
Received Prepare
Registering precompiled user dll's ...
Registered in 0,009765 seconds.
Begin MonoManager ReloadAssembly
Native extension for LinuxStandalone target not found
Native extension for WebGL target not found
Refreshing native plugins compatible for Editor in 1,76 ms, found 0 plugins.
Preloading 0 native plugins for Editor in 0,00 ms.
Warning: Annotation not found!
UnityEngine.StackTraceUtility:ExtractStackTrace () (at /home/bokken/buildslave/unity/build/Runtime/Export/Scripting/StackTrace.cs:37)
UnityEditor.ProBuilder.EditorUtility:SetGizmoIconEnabled (System.Type,bool) (at Library/PackageCache/com.unity.probuilder@4.5.0/Editor/EditorCore/EditorUtility.cs:593)
UnityEditor.ProBuilder.HierarchyListener:.cctor () (at Library/PackageCache/com.unity.probuilder@4.5.0/Editor/EditorCore/HierarchyListener.cs:21)
System.Runtime.CompilerServices.RuntimeHelpers:RunClassConstructor (System.RuntimeTypeHandle)
UnityEditor.EditorAssemblies:ProcessInitializeOnLoadAttributes (System.Type[]) (at /home/bokken/buildslave/unity/build/Editor/Mono/EditorAssemblies.cs:114)

[/home/bokken/buildslave/unity/build/Runtime/Export/Scripting/StackTrace.cs line 37]

Mono: successfully reloaded assembly
- Completed reload, in  4,688 seconds
Platform modules already initialized, skipping
Switching build target platform(24) subTarget(0) extendedPlatform(0) -> platform(13) subTarget(537395200) extendedPlatform(0)
Shader Custom/Mask uses undefined Queue: 'Geometry - 1'

Shader Custom/Mask uses undefined Queue: 'Geometry - 1'

Refreshing native plugins compatible for Editor in 1,56 ms, found 0 plugins.
Preloading 0 native plugins for Editor in 0,00 ms.
Unloading 2071 Unused Serialized files (Serialized files now loaded: 0)
System memory in use before: 84,4 MB.
System memory in use after: 84,4 MB.

Unloading 16 unused Assets to reduce memory usage. Loaded Objects now: 2589.
Total: 14,236250 ms (FindLiveObjects: 1,582930 ms CreateObjectMapping: 0,573536 ms MarkObjects: 11,741989 ms  DeleteObjects: 0,331426 ms)

AssetImportParameters requested are different than current active one (requested -> active):
  custom:video-decoder-ogg-theora: a1e56fd34408186e4bbccfd4996cb3dc -> 
  custom:container-muxer-webm: aa71ff27fc2769a1b78a27578f13a17b -> 
  custom:container-demuxer-webm: 4f35f7cbe854078d1ac9338744f61a02 -> 
  custom:container-demuxer-ogg: 62fdf1f143b41e24485cea50d1cbac27 -> 
  custom:video-encoder-webm-vp8: eb34c28f22e8b96e1ab97ce403110664 -> 
  custom:video-decoder-webm-vp8: 9c59270c3fd7afecdb556c50c9e8de78 -> 
  custom:graphics/normal-map-encoding: 01000000000000000000000000000000 -> 02000000000000000000000000000000
  custom:audio-decoder-ogg-vorbis: bf7c407c2cedff20999df2af8eb42d56 -> 
  custom:audio-encoder-webm-vorbis: bf7c407c2cedff20999df2af8eb42d56 -> 
========================================================================
Received Prepare
Switching build target platform(13) subTarget(537395200) extendedPlatform(0) -> platform(13) subTarget(589824) extendedPlatform(0)
Shader Custom/Mask uses undefined Queue: 'Geometry - 1'

Shader Custom/Mask uses undefined Queue: 'Geometry - 1'

Refreshing native plugins compatible for Editor in 10,88 ms, found 0 plugins.
Preloading 0 native plugins for Editor in 0,00 ms.
Unloading 13 Unused Serialized files (Serialized files now loaded: 0)
System memory in use before: 43,3 MB.
System memory in use after: 43,4 MB.

Unloading 13 unused Assets to reduce memory usage. Loaded Objects now: 2589.
Total: 12,773676 ms (FindLiveObjects: 1,116758 ms CreateObjectMapping: 0,488167 ms MarkObjects: 10,744215 ms  DeleteObjects: 0,420583 ms)

AssetImportParameters requested are different than current active one (requested -> active):
  buildTarget: platform 13, subtarget 589824, extendedPlatform 0 -> platform 13, subtarget 537395200, extendedPlatform 0
  graphicsApiMask: 2304 -> 2099200
  custom:video-decoder-ogg-theora: a1e56fd34408186e4bbccfd4996cb3dc -> 
  custom:container-muxer-webm: aa71ff27fc2769a1b78a27578f13a17b -> 
  custom:container-demuxer-webm: 4f35f7cbe854078d1ac9338744f61a02 -> 
  custom:container-demuxer-ogg: 62fdf1f143b41e24485cea50d1cbac27 -> 
  custom:video-encoder-webm-vp8: eb34c28f22e8b96e1ab97ce403110664 -> 
  custom:video-decoder-webm-vp8: 9c59270c3fd7afecdb556c50c9e8de78 -> 
  custom:audio-decoder-ogg-vorbis: bf7c407c2cedff20999df2af8eb42d56 -> 
  custom:audio-encoder-webm-vorbis: bf7c407c2cedff20999df2af8eb42d56 -> 
========================================================================
Received Prepare
Shader Custom/Mask uses undefined Queue: 'Geometry - 1'

Shader Custom/Mask uses undefined Queue: 'Geometry - 1'

Refreshing native plugins compatible for Editor in 10,96 ms, found 0 plugins.
Preloading 0 native plugins for Editor in 0,00 ms.
Unloading 13 Unused Serialized files (Serialized files now loaded: 0)
System memory in use before: 43,3 MB.
System memory in use after: 43,4 MB.

Unloading 12 unused Assets to reduce memory usage. Loaded Objects now: 2590.
Total: 18,849448 ms (FindLiveObjects: 1,290753 ms CreateObjectMapping: 0,476192 ms MarkObjects: 16,766267 ms  DeleteObjects: 0,310559 ms)

AssetImportParameters requested are different than current active one (requested -> active):
  custom:video-decoder-ogg-theora: a1e56fd34408186e4bbccfd4996cb3dc -> 
  custom:container-muxer-webm: aa71ff27fc2769a1b78a27578f13a17b -> 
  custom:container-demuxer-webm: 4f35f7cbe854078d1ac9338744f61a02 -> 
  custom:container-demuxer-ogg: 62fdf1f143b41e24485cea50d1cbac27 -> 
  custom:video-encoder-webm-vp8: eb34c28f22e8b96e1ab97ce403110664 -> 
  custom:video-decoder-webm-vp8: 9c59270c3fd7afecdb556c50c9e8de78 -> 
  custom:audio-decoder-ogg-vorbis: bf7c407c2cedff20999df2af8eb42d56 -> 
  custom:audio-encoder-webm-vorbis: bf7c407c2cedff20999df2af8eb42d56 -> 
